INFO:     Will watch for changes in these directories: ['/Users/vusaldadashov/Desktop/ConsoleApp/corevia-backend']
INFO:     Uvicorn running on http://127.0.0.1:8000 (Press CTRL+C to quit)
INFO:     Started reloader process [17120] using StatReload
INFO:     Started server process [17125]
INFO:     Waiting for application startup.
CRITICAL: secret_key is not set or is the default value! Set a strong SECRET_KEY in .env
INFO:     Application startup complete.
2026-02-06 01:21:31,447 INFO sqlalchemy.engine.Engine select pg_catalog.version()
2026-02-06 01:21:31,447 INFO sqlalchemy.engine.Engine [raw sql] ()
2026-02-06 01:21:31,449 INFO sqlalchemy.engine.Engine select current_schema()
2026-02-06 01:21:31,449 INFO sqlalchemy.engine.Engine [raw sql] ()
2026-02-06 01:21:31,450 INFO sqlalchemy.engine.Engine show standard_conforming_strings
2026-02-06 01:21:31,450 INFO sqlalchemy.engine.Engine [raw sql] ()
2026-02-06 01:21:31,451 INFO sqlalchemy.engine.Engine BEGIN (implicit)
2026-02-06 01:21:31,469 INFO sqlalchemy.engine.Engine SELECT users.id, users.name, users.email, users.hashed_password, users.user_type, users.profile_image_url, users.is_active, users.created_at, users.updated_at, users.age, users.weight, users.height, users.goal, users.trainer_id, users.specialization, users.experience, users.rating, users.price_per_session, users.bio, users.verification_status, users.certificate_image_url, users.instagram_handle, users.verification_photo_url, users.verification_score, users.verification_attempts, users.last_verification_attempt, users.is_premium, users.is_admin 
FROM users 
WHERE users.id = $1::VARCHAR
2026-02-06 01:21:31,469 INFO sqlalchemy.engine.Engine [generated in 0.00012s] ('b5ad8019-3283-4d6d-9dd1-aa20c8edd3dd',)
2026-02-06 01:21:31,485 INFO sqlalchemy.engine.Engine SELECT users.id, users.name, users.email, users.hashed_password, users.user_type, users.profile_image_url, users.is_active, users.created_at, users.updated_at, users.age, users.weight, users.height, users.goal, users.trainer_id, users.specialization, users.experience, users.rating, users.price_per_session, users.bio, users.verification_status, users.certificate_image_url, users.instagram_handle, users.verification_photo_url, users.verification_score, users.verification_attempts, users.last_verification_attempt, users.is_premium, users.is_admin 
FROM users 
WHERE users.trainer_id = $1::VARCHAR
2026-02-06 01:21:31,485 INFO sqlalchemy.engine.Engine [generated in 0.00009s] ('b5ad8019-3283-4d6d-9dd1-aa20c8edd3dd',)
2026-02-06 01:21:31,486 INFO sqlalchemy.engine.Engine SELECT count(training_plans.id) AS count_1 
FROM training_plans 
WHERE training_plans.trainer_id = $1::VARCHAR
2026-02-06 01:21:31,486 INFO sqlalchemy.engine.Engine [generated in 0.00004s] ('b5ad8019-3283-4d6d-9dd1-aa20c8edd3dd',)
2026-02-06 01:21:31,487 INFO sqlalchemy.engine.Engine SELECT count(meal_plans.id) AS count_1 
FROM meal_plans 
WHERE meal_plans.trainer_id = $1::VARCHAR
2026-02-06 01:21:31,487 INFO sqlalchemy.engine.Engine [generated in 0.00003s] ('b5ad8019-3283-4d6d-9dd1-aa20c8edd3dd',)
2026-02-06 01:21:31,488 INFO sqlalchemy.engine.Engine COMMIT
INFO:     127.0.0.1:54689 - "GET /api/v1/trainer/stats HTTP/1.1" 200 OK
2026-02-06 01:21:38,004 INFO sqlalchemy.engine.Engine BEGIN (implicit)
2026-02-06 01:21:38,004 INFO sqlalchemy.engine.Engine SELECT users.id, users.name, users.email, users.hashed_password, users.user_type, users.profile_image_url, users.is_active, users.created_at, users.updated_at, users.age, users.weight, users.height, users.goal, users.trainer_id, users.specialization, users.experience, users.rating, users.price_per_session, users.bio, users.verification_status, users.certificate_image_url, users.instagram_handle, users.verification_photo_url, users.verification_score, users.verification_attempts, users.last_verification_attempt, users.is_premium, users.is_admin 
FROM users 
WHERE users.email = $1::VARCHAR
2026-02-06 01:21:38,004 INFO sqlalchemy.engine.Engine [generated in 0.00010s] ('testmuellim@corevia.com',)
2026-02-06 01:21:38,182 INFO sqlalchemy.engine.Engine COMMIT
INFO:     127.0.0.1:54699 - "POST /api/v1/auth/login HTTP/1.1" 200 OK
2026-02-06 01:22:13,169 INFO sqlalchemy.engine.Engine BEGIN (implicit)
2026-02-06 01:22:13,170 INFO sqlalchemy.engine.Engine SELECT users.id, users.name, users.email, users.hashed_password, users.user_type, users.profile_image_url, users.is_active, users.created_at, users.updated_at, users.age, users.weight, users.height, users.goal, users.trainer_id, users.specialization, users.experience, users.rating, users.price_per_session, users.bio, users.verification_status, users.certificate_image_url, users.instagram_handle, users.verification_photo_url, users.verification_score, users.verification_attempts, users.last_verification_attempt, users.is_premium, users.is_admin 
FROM users 
WHERE users.email = $1::VARCHAR
2026-02-06 01:22:13,170 INFO sqlalchemy.engine.Engine [cached since 35.17s ago] ('testmuellim@corevia.com',)
2026-02-06 01:22:13,368 INFO sqlalchemy.engine.Engine COMMIT
INFO:     127.0.0.1:54704 - "POST /api/v1/auth/login HTTP/1.1" 200 OK
2026-02-06 01:22:13,390 INFO sqlalchemy.engine.Engine BEGIN (implicit)
2026-02-06 01:22:13,390 INFO sqlalchemy.engine.Engine SELECT users.id, users.name, users.email, users.hashed_password, users.user_type, users.profile_image_url, users.is_active, users.created_at, users.updated_at, users.age, users.weight, users.height, users.goal, users.trainer_id, users.specialization, users.experience, users.rating, users.price_per_session, users.bio, users.verification_status, users.certificate_image_url, users.instagram_handle, users.verification_photo_url, users.verification_score, users.verification_attempts, users.last_verification_attempt, users.is_premium, users.is_admin 
FROM users 
WHERE users.id = $1::VARCHAR
2026-02-06 01:22:13,390 INFO sqlalchemy.engine.Engine [cached since 41.92s ago] ('b5ad8019-3283-4d6d-9dd1-aa20c8edd3dd',)
2026-02-06 01:22:13,391 INFO sqlalchemy.engine.Engine COMMIT
INFO:     127.0.0.1:54704 - "GET /api/v1/auth/me HTTP/1.1" 200 OK
2026-02-06 01:22:13,409 INFO sqlalchemy.engine.Engine BEGIN (implicit)
2026-02-06 01:22:13,409 INFO sqlalchemy.engine.Engine SELECT users.id, users.name, users.email, users.hashed_password, users.user_type, users.profile_image_url, users.is_active, users.created_at, users.updated_at, users.age, users.weight, users.height, users.goal, users.trainer_id, users.specialization, users.experience, users.rating, users.price_per_session, users.bio, users.verification_status, users.certificate_image_url, users.instagram_handle, users.verification_photo_url, users.verification_score, users.verification_attempts, users.last_verification_attempt, users.is_premium, users.is_admin 
FROM users 
WHERE users.id = $1::VARCHAR
2026-02-06 01:22:13,409 INFO sqlalchemy.engine.Engine [cached since 41.94s ago] ('b5ad8019-3283-4d6d-9dd1-aa20c8edd3dd',)
2026-02-06 01:22:13,412 INFO sqlalchemy.engine.Engine SELECT routes.id, routes.user_id, routes.workout_id, routes.name, routes.activity_type, routes.start_latitude, routes.start_longitude, routes.end_latitude, routes.end_longitude, routes.polyline, routes.coordinates_json, routes.distance_km, routes.duration_seconds, routes.avg_pace, routes.max_pace, routes.avg_speed_kmh, routes.max_speed_kmh, routes.elevation_gain, routes.elevation_loss, routes.calories_burned, routes.static_map_url, routes.is_assigned, routes.assigned_by_id, routes.assignment_notes, routes.is_completed, routes.started_at, routes.finished_at, routes.created_at 
FROM routes 
WHERE routes.user_id = $1::VARCHAR ORDER BY routes.started_at DESC 
 LIMIT $2::INTEGER OFFSET $3::INTEGER
2026-02-06 01:22:13,412 INFO sqlalchemy.engine.Engine [generated in 0.00010s] ('b5ad8019-3283-4d6d-9dd1-aa20c8edd3dd', 50, 0)
2026-02-06 01:22:13,419 INFO sqlalchemy.engine.Engine COMMIT
INFO:     127.0.0.1:54704 - "GET /api/v1/routes/ HTTP/1.1" 200 OK
2026-02-06 01:22:13,424 INFO sqlalchemy.engine.Engine BEGIN (implicit)
2026-02-06 01:22:13,425 INFO sqlalchemy.engine.Engine SELECT users.id, users.name, users.email, users.hashed_password, users.user_type, users.profile_image_url, users.is_active, users.created_at, users.updated_at, users.age, users.weight, users.height, users.goal, users.trainer_id, users.specialization, users.experience, users.rating, users.price_per_session, users.bio, users.verification_status, users.certificate_image_url, users.instagram_handle, users.verification_photo_url, users.verification_score, users.verification_attempts, users.last_verification_attempt, users.is_premium, users.is_admin 
FROM users 
WHERE users.id = $1::VARCHAR
2026-02-06 01:22:13,425 INFO sqlalchemy.engine.Engine [cached since 41.96s ago] ('b5ad8019-3283-4d6d-9dd1-aa20c8edd3dd',)
2026-02-06 01:22:13,436 INFO sqlalchemy.engine.Engine SELECT count(routes.id) AS count_1, coalesce(sum(routes.distance_km), $1::FLOAT) AS coalesce_1, coalesce(sum(routes.duration_seconds), $2::INTEGER) AS coalesce_3, coalesce(sum(routes.calories_burned), $3::INTEGER) AS coalesce_5, max(routes.distance_km) AS max_1 
FROM routes 
WHERE routes.user_id = $4::VARCHAR AND routes.started_at >= $5::TIMESTAMP WITHOUT TIME ZONE AND routes.is_completed = true
2026-02-06 01:22:13,436 INFO sqlalchemy.engine.Engine [generated in 0.00011s] (0.0, 0, 0, 'b5ad8019-3283-4d6d-9dd1-aa20c8edd3dd', datetime.datetime(2026, 1, 29, 21, 22, 13, 435190))
2026-02-06 01:22:13,438 INFO sqlalchemy.engine.Engine SELECT routes.activity_type, count(routes.id) AS count_1 
FROM routes 
WHERE routes.user_id = $1::VARCHAR AND routes.started_at >= $2::TIMESTAMP WITHOUT TIME ZONE AND routes.is_completed = true GROUP BY routes.activity_type
2026-02-06 01:22:13,438 INFO sqlalchemy.engine.Engine [generated in 0.00005s] ('b5ad8019-3283-4d6d-9dd1-aa20c8edd3dd', datetime.datetime(2026, 1, 29, 21, 22, 13, 435190))
2026-02-06 01:22:13,438 INFO sqlalchemy.engine.Engine COMMIT
INFO:     127.0.0.1:54705 - "GET /api/v1/routes/stats?days=7 HTTP/1.1" 200 OK
2026-02-06 01:22:13,796 INFO sqlalchemy.engine.Engine BEGIN (implicit)
2026-02-06 01:22:13,796 INFO sqlalchemy.engine.Engine SELECT users.id, users.name, users.email, users.hashed_password, users.user_type, users.profile_image_url, users.is_active, users.created_at, users.updated_at, users.age, users.weight, users.height, users.goal, users.trainer_id, users.specialization, users.experience, users.rating, users.price_per_session, users.bio, users.verification_status, users.certificate_image_url, users.instagram_handle, users.verification_photo_url, users.verification_score, users.verification_attempts, users.last_verification_attempt, users.is_premium, users.is_admin 
FROM users 
WHERE users.id = $1::VARCHAR
2026-02-06 01:22:13,796 INFO sqlalchemy.engine.Engine [cached since 42.33s ago] ('b5ad8019-3283-4d6d-9dd1-aa20c8edd3dd',)
2026-02-06 01:22:13,798 INFO sqlalchemy.engine.Engine SELECT user_onboarding.id, user_onboarding.user_id, user_onboarding.fitness_goal, user_onboarding.fitness_level, user_onboarding.preferred_trainer_type, user_onboarding.is_completed, user_onboarding.completed_at, user_onboarding.created_at 
FROM user_onboarding 
WHERE user_onboarding.user_id = $1::VARCHAR
2026-02-06 01:22:13,798 INFO sqlalchemy.engine.Engine [generated in 0.00009s] ('b5ad8019-3283-4d6d-9dd1-aa20c8edd3dd',)
2026-02-06 01:22:13,800 INFO sqlalchemy.engine.Engine COMMIT
INFO:     127.0.0.1:54704 - "GET /api/v1/onboarding/status HTTP/1.1" 200 OK
2026-02-06 01:22:13,827 INFO sqlalchemy.engine.Engine BEGIN (implicit)
2026-02-06 01:22:13,827 INFO sqlalchemy.engine.Engine SELECT users.id, users.name, users.email, users.hashed_password, users.user_type, users.profile_image_url, users.is_active, users.created_at, users.updated_at, users.age, users.weight, users.height, users.goal, users.trainer_id, users.specialization, users.experience, users.rating, users.price_per_session, users.bio, users.verification_status, users.certificate_image_url, users.instagram_handle, users.verification_photo_url, users.verification_score, users.verification_attempts, users.last_verification_attempt, users.is_premium, users.is_admin 
FROM users 
WHERE users.id = $1::VARCHAR
2026-02-06 01:22:13,827 INFO sqlalchemy.engine.Engine [cached since 42.36s ago] ('b5ad8019-3283-4d6d-9dd1-aa20c8edd3dd',)
2026-02-06 01:22:13,828 INFO sqlalchemy.engine.Engine SELECT users.id, users.name, users.email, users.hashed_password, users.user_type, users.profile_image_url, users.is_active, users.created_at, users.updated_at, users.age, users.weight, users.height, users.goal, users.trainer_id, users.specialization, users.experience, users.rating, users.price_per_session, users.bio, users.verification_status, users.certificate_image_url, users.instagram_handle, users.verification_photo_url, users.verification_score, users.verification_attempts, users.last_verification_attempt, users.is_premium, users.is_admin 
FROM users 
WHERE users.trainer_id = $1::VARCHAR
2026-02-06 01:22:13,828 INFO sqlalchemy.engine.Engine [cached since 42.35s ago] ('b5ad8019-3283-4d6d-9dd1-aa20c8edd3dd',)
2026-02-06 01:22:13,829 INFO sqlalchemy.engine.Engine SELECT count(training_plans.id) AS count_1 
FROM training_plans 
WHERE training_plans.trainer_id = $1::VARCHAR
2026-02-06 01:22:13,829 INFO sqlalchemy.engine.Engine [cached since 42.34s ago] ('b5ad8019-3283-4d6d-9dd1-aa20c8edd3dd',)
2026-02-06 01:22:13,830 INFO sqlalchemy.engine.Engine SELECT count(meal_plans.id) AS count_1 
FROM meal_plans 
WHERE meal_plans.trainer_id = $1::VARCHAR
2026-02-06 01:22:13,830 INFO sqlalchemy.engine.Engine [cached since 42.34s ago] ('b5ad8019-3283-4d6d-9dd1-aa20c8edd3dd',)
2026-02-06 01:22:13,832 INFO sqlalchemy.engine.Engine COMMIT
INFO:     127.0.0.1:54704 - "GET /api/v1/trainer/stats HTTP/1.1" 200 OK
2026-02-06 01:22:16,123 INFO sqlalchemy.engine.Engine BEGIN (implicit)
2026-02-06 01:22:16,123 INFO sqlalchemy.engine.Engine SELECT users.id, users.name, users.email, users.hashed_password, users.user_type, users.profile_image_url, users.is_active, users.created_at, users.updated_at, users.age, users.weight, users.height, users.goal, users.trainer_id, users.specialization, users.experience, users.rating, users.price_per_session, users.bio, users.verification_status, users.certificate_image_url, users.instagram_handle, users.verification_photo_url, users.verification_score, users.verification_attempts, users.last_verification_attempt, users.is_premium, users.is_admin 
FROM users 
WHERE users.id = $1::VARCHAR
2026-02-06 01:22:16,123 INFO sqlalchemy.engine.Engine [cached since 44.66s ago] ('b5ad8019-3283-4d6d-9dd1-aa20c8edd3dd',)
2026-02-06 01:22:16,124 INFO sqlalchemy.engine.Engine BEGIN (implicit)
2026-02-06 01:22:16,124 INFO sqlalchemy.engine.Engine SELECT users.id, users.name, users.email, users.hashed_password, users.user_type, users.profile_image_url, users.is_active, users.created_at, users.updated_at, users.age, users.weight, users.height, users.goal, users.trainer_id, users.specialization, users.experience, users.rating, users.price_per_session, users.bio, users.verification_status, users.certificate_image_url, users.instagram_handle, users.verification_photo_url, users.verification_score, users.verification_attempts, users.last_verification_attempt, users.is_premium, users.is_admin 
FROM users 
WHERE users.id = $1::VARCHAR
2026-02-06 01:22:16,124 INFO sqlalchemy.engine.Engine [cached since 44.66s ago] ('b5ad8019-3283-4d6d-9dd1-aa20c8edd3dd',)
2026-02-06 01:22:16,125 INFO sqlalchemy.engine.Engine SELECT training_plans.id, training_plans.trainer_id, training_plans.assigned_student_id, training_plans.title, training_plans.plan_type, training_plans.notes, training_plans.created_at, training_plans.updated_at 
FROM training_plans 
WHERE training_plans.trainer_id = $1::VARCHAR ORDER BY training_plans.created_at DESC
2026-02-06 01:22:16,125 INFO sqlalchemy.engine.Engine [generated in 0.00004s] ('b5ad8019-3283-4d6d-9dd1-aa20c8edd3dd',)
2026-02-06 01:22:16,126 INFO sqlalchemy.engine.Engine SELECT meal_plans.id, meal_plans.trainer_id, meal_plans.assigned_student_id, meal_plans.title, meal_plans.plan_type, meal_plans.daily_calorie_target, meal_plans.notes, meal_plans.created_at, meal_plans.updated_at 
FROM meal_plans 
WHERE meal_plans.trainer_id = $1::VARCHAR ORDER BY meal_plans.created_at DESC
2026-02-06 01:22:16,126 INFO sqlalchemy.engine.Engine [generated in 0.00003s] ('b5ad8019-3283-4d6d-9dd1-aa20c8edd3dd',)
2026-02-06 01:22:16,133 INFO sqlalchemy.engine.Engine SELECT plan_workouts.training_plan_id AS plan_workouts_training_plan_id, plan_workouts.id AS plan_workouts_id, plan_workouts.name AS plan_workouts_name, plan_workouts.sets AS plan_workouts_sets, plan_workouts.reps AS plan_workouts_reps, plan_workouts.duration AS plan_workouts_duration 
FROM plan_workouts 
WHERE plan_workouts.training_plan_id IN ($1::VARCHAR)
2026-02-06 01:22:16,133 INFO sqlalchemy.engine.Engine [generated in 0.00009s] ('c2f0a6b0-234d-498e-a9dd-a9e18f59e0e2',)
2026-02-06 01:22:16,133 INFO sqlalchemy.engine.Engine COMMIT
INFO:     127.0.0.1:54705 - "GET /api/v1/plans/meal HTTP/1.1" 200 OK
2026-02-06 01:22:16,135 INFO sqlalchemy.engine.Engine COMMIT
INFO:     127.0.0.1:54704 - "GET /api/v1/plans/training HTTP/1.1" 200 OK
2026-02-06 01:22:16,170 INFO sqlalchemy.engine.Engine BEGIN (implicit)
2026-02-06 01:22:16,170 INFO sqlalchemy.engine.Engine SELECT users.id, users.name, users.email, users.hashed_password, users.user_type, users.profile_image_url, users.is_active, users.created_at, users.updated_at, users.age, users.weight, users.height, users.goal, users.trainer_id, users.specialization, users.experience, users.rating, users.price_per_session, users.bio, users.verification_status, users.certificate_image_url, users.instagram_handle, users.verification_photo_url, users.verification_score, users.verification_attempts, users.last_verification_attempt, users.is_premium, users.is_admin 
FROM users 
WHERE users.id = $1::VARCHAR
2026-02-06 01:22:16,170 INFO sqlalchemy.engine.Engine [cached since 44.7s ago] ('b5ad8019-3283-4d6d-9dd1-aa20c8edd3dd',)
2026-02-06 01:22:16,171 INFO sqlalchemy.engine.Engine SELECT users.id, users.name, users.email, users.hashed_password, users.user_type, users.profile_image_url, users.is_active, users.created_at, users.updated_at, users.age, users.weight, users.height, users.goal, users.trainer_id, users.specialization, users.experience, users.rating, users.price_per_session, users.bio, users.verification_status, users.certificate_image_url, users.instagram_handle, users.verification_photo_url, users.verification_score, users.verification_attempts, users.last_verification_attempt, users.is_premium, users.is_admin 
FROM users 
WHERE users.trainer_id = $1::VARCHAR
2026-02-06 01:22:16,171 INFO sqlalchemy.engine.Engine [cached since 44.69s ago] ('b5ad8019-3283-4d6d-9dd1-aa20c8edd3dd',)
2026-02-06 01:22:16,172 INFO sqlalchemy.engine.Engine SELECT count(training_plans.id) AS count_1 
FROM training_plans 
WHERE training_plans.trainer_id = $1::VARCHAR
2026-02-06 01:22:16,172 INFO sqlalchemy.engine.Engine [cached since 44.69s ago] ('b5ad8019-3283-4d6d-9dd1-aa20c8edd3dd',)
2026-02-06 01:22:16,172 INFO sqlalchemy.engine.Engine SELECT count(meal_plans.id) AS count_1 
FROM meal_plans 
WHERE meal_plans.trainer_id = $1::VARCHAR
2026-02-06 01:22:16,172 INFO sqlalchemy.engine.Engine [cached since 44.69s ago] ('b5ad8019-3283-4d6d-9dd1-aa20c8edd3dd',)
2026-02-06 01:22:16,173 INFO sqlalchemy.engine.Engine COMMIT
INFO:     127.0.0.1:54704 - "GET /api/v1/trainer/stats HTTP/1.1" 200 OK
2026-02-06 01:22:18,534 INFO sqlalchemy.engine.Engine BEGIN (implicit)
2026-02-06 01:22:18,534 INFO sqlalchemy.engine.Engine SELECT users.id, users.name, users.email, users.hashed_password, users.user_type, users.profile_image_url, users.is_active, users.created_at, users.updated_at, users.age, users.weight, users.height, users.goal, users.trainer_id, users.specialization, users.experience, users.rating, users.price_per_session, users.bio, users.verification_status, users.certificate_image_url, users.instagram_handle, users.verification_photo_url, users.verification_score, users.verification_attempts, users.last_verification_attempt, users.is_premium, users.is_admin 
FROM users 
WHERE users.id = $1::VARCHAR
2026-02-06 01:22:18,534 INFO sqlalchemy.engine.Engine [cached since 47.07s ago] ('b5ad8019-3283-4d6d-9dd1-aa20c8edd3dd',)
2026-02-06 01:22:18,535 INFO sqlalchemy.engine.Engine BEGIN (implicit)
2026-02-06 01:22:18,535 INFO sqlalchemy.engine.Engine SELECT users.id, users.name, users.email, users.hashed_password, users.user_type, users.profile_image_url, users.is_active, users.created_at, users.updated_at, users.age, users.weight, users.height, users.goal, users.trainer_id, users.specialization, users.experience, users.rating, users.price_per_session, users.bio, users.verification_status, users.certificate_image_url, users.instagram_handle, users.verification_photo_url, users.verification_score, users.verification_attempts, users.last_verification_attempt, users.is_premium, users.is_admin 
FROM users 
WHERE users.id = $1::VARCHAR
2026-02-06 01:22:18,535 INFO sqlalchemy.engine.Engine [cached since 47.07s ago] ('b5ad8019-3283-4d6d-9dd1-aa20c8edd3dd',)
2026-02-06 01:22:18,536 INFO sqlalchemy.engine.Engine SELECT count(routes.id) AS count_1, coalesce(sum(routes.distance_km), $1::FLOAT) AS coalesce_1, coalesce(sum(routes.duration_seconds), $2::INTEGER) AS coalesce_3, coalesce(sum(routes.calories_burned), $3::INTEGER) AS coalesce_5, max(routes.distance_km) AS max_1 
FROM routes 
WHERE routes.user_id = $4::VARCHAR AND routes.started_at >= $5::TIMESTAMP WITHOUT TIME ZONE AND routes.is_completed = true
2026-02-06 01:22:18,536 INFO sqlalchemy.engine.Engine [cached since 5.1s ago] (0.0, 0, 0, 'b5ad8019-3283-4d6d-9dd1-aa20c8edd3dd', datetime.datetime(2026, 1, 29, 21, 22, 18, 535843))
2026-02-06 01:22:18,536 INFO sqlalchemy.engine.Engine SELECT routes.id, routes.user_id, routes.workout_id, routes.name, routes.activity_type, routes.start_latitude, routes.start_longitude, routes.end_latitude, routes.end_longitude, routes.polyline, routes.coordinates_json, routes.distance_km, routes.duration_seconds, routes.avg_pace, routes.max_pace, routes.avg_speed_kmh, routes.max_speed_kmh, routes.elevation_gain, routes.elevation_loss, routes.calories_burned, routes.static_map_url, routes.is_assigned, routes.assigned_by_id, routes.assignment_notes, routes.is_completed, routes.started_at, routes.finished_at, routes.created_at 
FROM routes 
WHERE routes.user_id = $1::VARCHAR ORDER BY routes.started_at DESC 
 LIMIT $2::INTEGER OFFSET $3::INTEGER
2026-02-06 01:22:18,536 INFO sqlalchemy.engine.Engine [cached since 5.124s ago] ('b5ad8019-3283-4d6d-9dd1-aa20c8edd3dd', 50, 0)
2026-02-06 01:22:18,536 INFO sqlalchemy.engine.Engine SELECT routes.activity_type, count(routes.id) AS count_1 
FROM routes 
WHERE routes.user_id = $1::VARCHAR AND routes.started_at >= $2::TIMESTAMP WITHOUT TIME ZONE AND routes.is_completed = true GROUP BY routes.activity_type
2026-02-06 01:22:18,536 INFO sqlalchemy.engine.Engine [cached since 5.099s ago] ('b5ad8019-3283-4d6d-9dd1-aa20c8edd3dd', datetime.datetime(2026, 1, 29, 21, 22, 18, 535843))
2026-02-06 01:22:18,537 INFO sqlalchemy.engine.Engine COMMIT
INFO:     127.0.0.1:54704 - "GET /api/v1/routes/ HTTP/1.1" 200 OK
2026-02-06 01:22:18,537 INFO sqlalchemy.engine.Engine COMMIT
INFO:     127.0.0.1:54705 - "GET /api/v1/routes/stats?days=7 HTTP/1.1" 200 OK
2026-02-06 01:22:24,829 INFO sqlalchemy.engine.Engine BEGIN (implicit)
2026-02-06 01:22:24,829 INFO sqlalchemy.engine.Engine SELECT users.id, users.name, users.email, users.hashed_password, users.user_type, users.profile_image_url, users.is_active, users.created_at, users.updated_at, users.age, users.weight, users.height, users.goal, users.trainer_id, users.specialization, users.experience, users.rating, users.price_per_session, users.bio, users.verification_status, users.certificate_image_url, users.instagram_handle, users.verification_photo_url, users.verification_score, users.verification_attempts, users.last_verification_attempt, users.is_premium, users.is_admin 
FROM users 
WHERE users.id = $1::VARCHAR
2026-02-06 01:22:24,829 INFO sqlalchemy.engine.Engine [cached since 53.36s ago] ('b5ad8019-3283-4d6d-9dd1-aa20c8edd3dd',)
2026-02-06 01:22:24,831 INFO sqlalchemy.engine.Engine SELECT routes.id, routes.user_id, routes.workout_id, routes.name, routes.activity_type, routes.start_latitude, routes.start_longitude, routes.end_latitude, routes.end_longitude, routes.polyline, routes.coordinates_json, routes.distance_km, routes.duration_seconds, routes.avg_pace, routes.max_pace, routes.avg_speed_kmh, routes.max_speed_kmh, routes.elevation_gain, routes.elevation_loss, routes.calories_burned, routes.static_map_url, routes.is_assigned, routes.assigned_by_id, routes.assignment_notes, routes.is_completed, routes.started_at, routes.finished_at, routes.created_at 
FROM routes 
WHERE routes.user_id = $1::VARCHAR ORDER BY routes.started_at DESC 
 LIMIT $2::INTEGER OFFSET $3::INTEGER
2026-02-06 01:22:24,831 INFO sqlalchemy.engine.Engine [cached since 11.42s ago] ('b5ad8019-3283-4d6d-9dd1-aa20c8edd3dd', 50, 0)
2026-02-06 01:22:24,831 INFO sqlalchemy.engine.Engine BEGIN (implicit)
2026-02-06 01:22:24,831 INFO sqlalchemy.engine.Engine SELECT users.id, users.name, users.email, users.hashed_password, users.user_type, users.profile_image_url, users.is_active, users.created_at, users.updated_at, users.age, users.weight, users.height, users.goal, users.trainer_id, users.specialization, users.experience, users.rating, users.price_per_session, users.bio, users.verification_status, users.certificate_image_url, users.instagram_handle, users.verification_photo_url, users.verification_score, users.verification_attempts, users.last_verification_attempt, users.is_premium, users.is_admin 
FROM users 
WHERE users.id = $1::VARCHAR
2026-02-06 01:22:24,831 INFO sqlalchemy.engine.Engine [cached since 53.36s ago] ('b5ad8019-3283-4d6d-9dd1-aa20c8edd3dd',)
2026-02-06 01:22:24,832 INFO sqlalchemy.engine.Engine COMMIT
INFO:     127.0.0.1:54709 - "GET /api/v1/routes/ HTTP/1.1" 200 OK
2026-02-06 01:22:24,833 INFO sqlalchemy.engine.Engine SELECT count(routes.id) AS count_1, coalesce(sum(routes.distance_km), $1::FLOAT) AS coalesce_1, coalesce(sum(routes.duration_seconds), $2::INTEGER) AS coalesce_3, coalesce(sum(routes.calories_burned), $3::INTEGER) AS coalesce_5, max(routes.distance_km) AS max_1 
FROM routes 
WHERE routes.user_id = $4::VARCHAR AND routes.started_at >= $5::TIMESTAMP WITHOUT TIME ZONE AND routes.is_completed = true
2026-02-06 01:22:24,833 INFO sqlalchemy.engine.Engine [cached since 11.4s ago] (0.0, 0, 0, 'b5ad8019-3283-4d6d-9dd1-aa20c8edd3dd', datetime.datetime(2026, 1, 29, 21, 22, 24, 833094))
2026-02-06 01:22:24,834 INFO sqlalchemy.engine.Engine SELECT routes.activity_type, count(routes.id) AS count_1 
FROM routes 
WHERE routes.user_id = $1::VARCHAR AND routes.started_at >= $2::TIMESTAMP WITHOUT TIME ZONE AND routes.is_completed = true GROUP BY routes.activity_type
2026-02-06 01:22:24,834 INFO sqlalchemy.engine.Engine [cached since 11.4s ago] ('b5ad8019-3283-4d6d-9dd1-aa20c8edd3dd', datetime.datetime(2026, 1, 29, 21, 22, 24, 833094))
2026-02-06 01:22:24,835 INFO sqlalchemy.engine.Engine COMMIT
INFO:     127.0.0.1:54711 - "GET /api/v1/routes/stats?days=7 HTTP/1.1" 200 OK
2026-02-06 01:22:28,394 INFO sqlalchemy.engine.Engine BEGIN (implicit)
2026-02-06 01:22:28,395 INFO sqlalchemy.engine.Engine SELECT users.id, users.name, users.email, users.hashed_password, users.user_type, users.profile_image_url, users.is_active, users.created_at, users.updated_at, users.age, users.weight, users.height, users.goal, users.trainer_id, users.specialization, users.experience, users.rating, users.price_per_session, users.bio, users.verification_status, users.certificate_image_url, users.instagram_handle, users.verification_photo_url, users.verification_score, users.verification_attempts, users.last_verification_attempt, users.is_premium, users.is_admin 
FROM users 
WHERE users.id = $1::VARCHAR
2026-02-06 01:22:28,395 INFO sqlalchemy.engine.Engine [cached since 56.93s ago] ('b5ad8019-3283-4d6d-9dd1-aa20c8edd3dd',)
2026-02-06 01:22:28,395 INFO sqlalchemy.engine.Engine SELECT users.id, users.name, users.email, users.hashed_password, users.user_type, users.profile_image_url, users.is_active, users.created_at, users.updated_at, users.age, users.weight, users.height, users.goal, users.trainer_id, users.specialization, users.experience, users.rating, users.price_per_session, users.bio, users.verification_status, users.certificate_image_url, users.instagram_handle, users.verification_photo_url, users.verification_score, users.verification_attempts, users.last_verification_attempt, users.is_premium, users.is_admin 
FROM users 
WHERE users.trainer_id = $1::VARCHAR
2026-02-06 01:22:28,395 INFO sqlalchemy.engine.Engine [cached since 56.91s ago] ('b5ad8019-3283-4d6d-9dd1-aa20c8edd3dd',)
2026-02-06 01:22:28,396 INFO sqlalchemy.engine.Engine SELECT count(training_plans.id) AS count_1 
FROM training_plans 
WHERE training_plans.trainer_id = $1::VARCHAR
2026-02-06 01:22:28,396 INFO sqlalchemy.engine.Engine [cached since 56.91s ago] ('b5ad8019-3283-4d6d-9dd1-aa20c8edd3dd',)
2026-02-06 01:22:28,396 INFO sqlalchemy.engine.Engine SELECT count(meal_plans.id) AS count_1 
FROM meal_plans 
WHERE meal_plans.trainer_id = $1::VARCHAR
2026-02-06 01:22:28,396 INFO sqlalchemy.engine.Engine [cached since 56.91s ago] ('b5ad8019-3283-4d6d-9dd1-aa20c8edd3dd',)
2026-02-06 01:22:28,397 INFO sqlalchemy.engine.Engine COMMIT
INFO:     127.0.0.1:54709 - "GET /api/v1/trainer/stats HTTP/1.1" 200 OK
2026-02-06 01:22:40,577 INFO sqlalchemy.engine.Engine BEGIN (implicit)
2026-02-06 01:22:40,577 INFO sqlalchemy.engine.Engine SELECT users.id, users.name, users.email, users.hashed_password, users.user_type, users.profile_image_url, users.is_active, users.created_at, users.updated_at, users.age, users.weight, users.height, users.goal, users.trainer_id, users.specialization, users.experience, users.rating, users.price_per_session, users.bio, users.verification_status, users.certificate_image_url, users.instagram_handle, users.verification_photo_url, users.verification_score, users.verification_attempts, users.last_verification_attempt, users.is_premium, users.is_admin 
FROM users 
WHERE users.id = $1::VARCHAR
2026-02-06 01:22:40,577 INFO sqlalchemy.engine.Engine [cached since 69.11s ago] ('b5ad8019-3283-4d6d-9dd1-aa20c8edd3dd',)
2026-02-06 01:22:40,579 INFO sqlalchemy.engine.Engine SELECT chat_messages.id, chat_messages.sender_id, chat_messages.receiver_id, chat_messages.message, chat_messages.is_read, chat_messages.created_at 
FROM chat_messages 
WHERE chat_messages.sender_id = $1::VARCHAR OR chat_messages.receiver_id = $2::VARCHAR ORDER BY chat_messages.created_at DESC
2026-02-06 01:22:40,579 INFO sqlalchemy.engine.Engine [generated in 0.00009s] ('b5ad8019-3283-4d6d-9dd1-aa20c8edd3dd', 'b5ad8019-3283-4d6d-9dd1-aa20c8edd3dd')
2026-02-06 01:22:40,581 INFO sqlalchemy.engine.Engine SELECT users.id, users.name, users.email, users.hashed_password, users.user_type, users.profile_image_url, users.is_active, users.created_at, users.updated_at, users.age, users.weight, users.height, users.goal, users.trainer_id, users.specialization, users.experience, users.rating, users.price_per_session, users.bio, users.verification_status, users.certificate_image_url, users.instagram_handle, users.verification_photo_url, users.verification_score, users.verification_attempts, users.last_verification_attempt, users.is_premium, users.is_admin 
FROM users 
WHERE users.id = $1::VARCHAR
2026-02-06 01:22:40,581 INFO sqlalchemy.engine.Engine [cached since 69.11s ago] ('d1106f86-895c-49d3-9b2c-6c6c1f3c6b3c',)
2026-02-06 01:22:40,581 INFO sqlalchemy.engine.Engine COMMIT
INFO:     127.0.0.1:54713 - "GET /api/v1/chat/conversations HTTP/1.1" 200 OK
2026-02-06 01:22:56,484 INFO sqlalchemy.engine.Engine BEGIN (implicit)
2026-02-06 01:22:56,485 INFO sqlalchemy.engine.Engine SELECT users.id, users.name, users.email, users.hashed_password, users.user_type, users.profile_image_url, users.is_active, users.created_at, users.updated_at, users.age, users.weight, users.height, users.goal, users.trainer_id, users.specialization, users.experience, users.rating, users.price_per_session, users.bio, users.verification_status, users.certificate_image_url, users.instagram_handle, users.verification_photo_url, users.verification_score, users.verification_attempts, users.last_verification_attempt, users.is_premium, users.is_admin 
FROM users 
WHERE users.id = $1::VARCHAR
2026-02-06 01:22:56,485 INFO sqlalchemy.engine.Engine [cached since 85.02s ago] ('b5ad8019-3283-4d6d-9dd1-aa20c8edd3dd',)
2026-02-06 01:22:56,486 INFO sqlalchemy.engine.Engine BEGIN (implicit)
2026-02-06 01:22:56,486 INFO sqlalchemy.engine.Engine SELECT users.id, users.name, users.email, users.hashed_password, users.user_type, users.profile_image_url, users.is_active, users.created_at, users.updated_at, users.age, users.weight, users.height, users.goal, users.trainer_id, users.specialization, users.experience, users.rating, users.price_per_session, users.bio, users.verification_status, users.certificate_image_url, users.instagram_handle, users.verification_photo_url, users.verification_score, users.verification_attempts, users.last_verification_attempt, users.is_premium, users.is_admin 
FROM users 
WHERE users.id = $1::VARCHAR
2026-02-06 01:22:56,486 INFO sqlalchemy.engine.Engine [cached since 85.02s ago] ('b5ad8019-3283-4d6d-9dd1-aa20c8edd3dd',)
2026-02-06 01:22:56,486 INFO sqlalchemy.engine.Engine SELECT routes.id, routes.user_id, routes.workout_id, routes.name, routes.activity_type, routes.start_latitude, routes.start_longitude, routes.end_latitude, routes.end_longitude, routes.polyline, routes.coordinates_json, routes.distance_km, routes.duration_seconds, routes.avg_pace, routes.max_pace, routes.avg_speed_kmh, routes.max_speed_kmh, routes.elevation_gain, routes.elevation_loss, routes.calories_burned, routes.static_map_url, routes.is_assigned, routes.assigned_by_id, routes.assignment_notes, routes.is_completed, routes.started_at, routes.finished_at, routes.created_at 
FROM routes 
WHERE routes.user_id = $1::VARCHAR ORDER BY routes.started_at DESC 
 LIMIT $2::INTEGER OFFSET $3::INTEGER
2026-02-06 01:22:56,487 INFO sqlalchemy.engine.Engine [cached since 43.08s ago] ('b5ad8019-3283-4d6d-9dd1-aa20c8edd3dd', 50, 0)
2026-02-06 01:22:56,487 INFO sqlalchemy.engine.Engine SELECT count(routes.id) AS count_1, coalesce(sum(routes.distance_km), $1::FLOAT) AS coalesce_1, coalesce(sum(routes.duration_seconds), $2::INTEGER) AS coalesce_3, coalesce(sum(routes.calories_burned), $3::INTEGER) AS coalesce_5, max(routes.distance_km) AS max_1 
FROM routes 
WHERE routes.user_id = $4::VARCHAR AND routes.started_at >= $5::TIMESTAMP WITHOUT TIME ZONE AND routes.is_completed = true
2026-02-06 01:22:56,487 INFO sqlalchemy.engine.Engine [cached since 43.05s ago] (0.0, 0, 0, 'b5ad8019-3283-4d6d-9dd1-aa20c8edd3dd', datetime.datetime(2026, 1, 29, 21, 22, 56, 487427))
2026-02-06 01:22:56,488 INFO sqlalchemy.engine.Engine COMMIT
2026-02-06 01:22:56,488 INFO sqlalchemy.engine.Engine SELECT routes.activity_type, count(routes.id) AS count_1 
FROM routes 
WHERE routes.user_id = $1::VARCHAR AND routes.started_at >= $2::TIMESTAMP WITHOUT TIME ZONE AND routes.is_completed = true GROUP BY routes.activity_type
2026-02-06 01:22:56,488 INFO sqlalchemy.engine.Engine [cached since 43.05s ago] ('b5ad8019-3283-4d6d-9dd1-aa20c8edd3dd', datetime.datetime(2026, 1, 29, 21, 22, 56, 487427))
INFO:     127.0.0.1:54716 - "GET /api/v1/routes/ HTTP/1.1" 200 OK
2026-02-06 01:22:56,490 INFO sqlalchemy.engine.Engine COMMIT
INFO:     127.0.0.1:54717 - "GET /api/v1/routes/stats?days=7 HTTP/1.1" 200 OK
2026-02-06 01:23:09,835 INFO sqlalchemy.engine.Engine BEGIN (implicit)
2026-02-06 01:23:09,835 INFO sqlalchemy.engine.Engine SELECT users.id, users.name, users.email, users.hashed_password, users.user_type, users.profile_image_url, users.is_active, users.created_at, users.updated_at, users.age, users.weight, users.height, users.goal, users.trainer_id, users.specialization, users.experience, users.rating, users.price_per_session, users.bio, users.verification_status, users.certificate_image_url, users.instagram_handle, users.verification_photo_url, users.verification_score, users.verification_attempts, users.last_verification_attempt, users.is_premium, users.is_admin 
FROM users 
WHERE users.id = $1::VARCHAR
2026-02-06 01:23:09,835 INFO sqlalchemy.engine.Engine [cached since 98.37s ago] ('b5ad8019-3283-4d6d-9dd1-aa20c8edd3dd',)
2026-02-06 01:23:09,836 INFO sqlalchemy.engine.Engine SELECT chat_messages.id, chat_messages.sender_id, chat_messages.receiver_id, chat_messages.message, chat_messages.is_read, chat_messages.created_at 
FROM chat_messages 
WHERE chat_messages.sender_id = $1::VARCHAR OR chat_messages.receiver_id = $2::VARCHAR ORDER BY chat_messages.created_at DESC
2026-02-06 01:23:09,836 INFO sqlalchemy.engine.Engine [cached since 29.26s ago] ('b5ad8019-3283-4d6d-9dd1-aa20c8edd3dd', 'b5ad8019-3283-4d6d-9dd1-aa20c8edd3dd')
2026-02-06 01:23:09,838 INFO sqlalchemy.engine.Engine SELECT users.id, users.name, users.email, users.hashed_password, users.user_type, users.profile_image_url, users.is_active, users.created_at, users.updated_at, users.age, users.weight, users.height, users.goal, users.trainer_id, users.specialization, users.experience, users.rating, users.price_per_session, users.bio, users.verification_status, users.certificate_image_url, users.instagram_handle, users.verification_photo_url, users.verification_score, users.verification_attempts, users.last_verification_attempt, users.is_premium, users.is_admin 
FROM users 
WHERE users.id = $1::VARCHAR
2026-02-06 01:23:09,838 INFO sqlalchemy.engine.Engine [cached since 98.37s ago] ('d1106f86-895c-49d3-9b2c-6c6c1f3c6b3c',)
2026-02-06 01:23:09,838 INFO sqlalchemy.engine.Engine COMMIT
INFO:     127.0.0.1:54719 - "GET /api/v1/chat/conversations HTTP/1.1" 200 OK
2026-02-06 01:23:13,016 INFO sqlalchemy.engine.Engine BEGIN (implicit)
2026-02-06 01:23:13,016 INFO sqlalchemy.engine.Engine SELECT users.id, users.name, users.email, users.hashed_password, users.user_type, users.profile_image_url, users.is_active, users.created_at, users.updated_at, users.age, users.weight, users.height, users.goal, users.trainer_id, users.specialization, users.experience, users.rating, users.price_per_session, users.bio, users.verification_status, users.certificate_image_url, users.instagram_handle, users.verification_photo_url, users.verification_score, users.verification_attempts, users.last_verification_attempt, users.is_premium, users.is_admin 
FROM users 
WHERE users.id = $1::VARCHAR
2026-02-06 01:23:13,016 INFO sqlalchemy.engine.Engine [cached since 101.5s ago] ('b5ad8019-3283-4d6d-9dd1-aa20c8edd3dd',)
2026-02-06 01:23:13,016 INFO sqlalchemy.engine.Engine SELECT users.id, users.name, users.email, users.hashed_password, users.user_type, users.profile_image_url, users.is_active, users.created_at, users.updated_at, users.age, users.weight, users.height, users.goal, users.trainer_id, users.specialization, users.experience, users.rating, users.price_per_session, users.bio, users.verification_status, users.certificate_image_url, users.instagram_handle, users.verification_photo_url, users.verification_score, users.verification_attempts, users.last_verification_attempt, users.is_premium, users.is_admin 
FROM users 
WHERE users.trainer_id = $1::VARCHAR
2026-02-06 01:23:13,016 INFO sqlalchemy.engine.Engine [cached since 101.5s ago] ('b5ad8019-3283-4d6d-9dd1-aa20c8edd3dd',)
2026-02-06 01:23:13,017 INFO sqlalchemy.engine.Engine SELECT count(training_plans.id) AS count_1 
FROM training_plans 
WHERE training_plans.trainer_id = $1::VARCHAR
2026-02-06 01:23:13,017 INFO sqlalchemy.engine.Engine [cached since 101.5s ago] ('b5ad8019-3283-4d6d-9dd1-aa20c8edd3dd',)
2026-02-06 01:23:13,017 INFO sqlalchemy.engine.Engine SELECT count(meal_plans.id) AS count_1 
FROM meal_plans 
WHERE meal_plans.trainer_id = $1::VARCHAR
2026-02-06 01:23:13,017 INFO sqlalchemy.engine.Engine [cached since 101.5s ago] ('b5ad8019-3283-4d6d-9dd1-aa20c8edd3dd',)
2026-02-06 01:23:13,018 INFO sqlalchemy.engine.Engine COMMIT
INFO:     127.0.0.1:54719 - "GET /api/v1/trainer/stats HTTP/1.1" 200 OK
2026-02-06 01:23:35,469 INFO sqlalchemy.engine.Engine BEGIN (implicit)
2026-02-06 01:23:35,469 INFO sqlalchemy.engine.Engine SELECT users.id, users.name, users.email, users.hashed_password, users.user_type, users.profile_image_url, users.is_active, users.created_at, users.updated_at, users.age, users.weight, users.height, users.goal, users.trainer_id, users.specialization, users.experience, users.rating, users.price_per_session, users.bio, users.verification_status, users.certificate_image_url, users.instagram_handle, users.verification_photo_url, users.verification_score, users.verification_attempts, users.last_verification_attempt, users.is_premium, users.is_admin 
FROM users 
WHERE users.id = $1::VARCHAR
2026-02-06 01:23:35,469 INFO sqlalchemy.engine.Engine [cached since 124s ago] ('b5ad8019-3283-4d6d-9dd1-aa20c8edd3dd',)
2026-02-06 01:23:35,469 INFO sqlalchemy.engine.Engine BEGIN (implicit)
2026-02-06 01:23:35,469 INFO sqlalchemy.engine.Engine SELECT users.id, users.name, users.email, users.hashed_password, users.user_type, users.profile_image_url, users.is_active, users.created_at, users.updated_at, users.age, users.weight, users.height, users.goal, users.trainer_id, users.specialization, users.experience, users.rating, users.price_per_session, users.bio, users.verification_status, users.certificate_image_url, users.instagram_handle, users.verification_photo_url, users.verification_score, users.verification_attempts, users.last_verification_attempt, users.is_premium, users.is_admin 
FROM users 
WHERE users.id = $1::VARCHAR
2026-02-06 01:23:35,469 INFO sqlalchemy.engine.Engine [cached since 124s ago] ('b5ad8019-3283-4d6d-9dd1-aa20c8edd3dd',)
2026-02-06 01:23:35,470 INFO sqlalchemy.engine.Engine SELECT routes.id, routes.user_id, routes.workout_id, routes.name, routes.activity_type, routes.start_latitude, routes.start_longitude, routes.end_latitude, routes.end_longitude, routes.polyline, routes.coordinates_json, routes.distance_km, routes.duration_seconds, routes.avg_pace, routes.max_pace, routes.avg_speed_kmh, routes.max_speed_kmh, routes.elevation_gain, routes.elevation_loss, routes.calories_burned, routes.static_map_url, routes.is_assigned, routes.assigned_by_id, routes.assignment_notes, routes.is_completed, routes.started_at, routes.finished_at, routes.created_at 
FROM routes 
WHERE routes.user_id = $1::VARCHAR ORDER BY routes.started_at DESC 
 LIMIT $2::INTEGER OFFSET $3::INTEGER
2026-02-06 01:23:35,470 INFO sqlalchemy.engine.Engine [cached since 82.06s ago] ('b5ad8019-3283-4d6d-9dd1-aa20c8edd3dd', 50, 0)
2026-02-06 01:23:35,470 INFO sqlalchemy.engine.Engine SELECT count(routes.id) AS count_1, coalesce(sum(routes.distance_km), $1::FLOAT) AS coalesce_1, coalesce(sum(routes.duration_seconds), $2::INTEGER) AS coalesce_3, coalesce(sum(routes.calories_burned), $3::INTEGER) AS coalesce_5, max(routes.distance_km) AS max_1 
FROM routes 
WHERE routes.user_id = $4::VARCHAR AND routes.started_at >= $5::TIMESTAMP WITHOUT TIME ZONE AND routes.is_completed = true
2026-02-06 01:23:35,470 INFO sqlalchemy.engine.Engine [cached since 82.04s ago] (0.0, 0, 0, 'b5ad8019-3283-4d6d-9dd1-aa20c8edd3dd', datetime.datetime(2026, 1, 29, 21, 23, 35, 470456))
2026-02-06 01:23:35,471 INFO sqlalchemy.engine.Engine COMMIT
2026-02-06 01:23:35,471 INFO sqlalchemy.engine.Engine SELECT routes.activity_type, count(routes.id) AS count_1 
FROM routes 
WHERE routes.user_id = $1::VARCHAR AND routes.started_at >= $2::TIMESTAMP WITHOUT TIME ZONE AND routes.is_completed = true GROUP BY routes.activity_type
2026-02-06 01:23:35,471 INFO sqlalchemy.engine.Engine [cached since 82.03s ago] ('b5ad8019-3283-4d6d-9dd1-aa20c8edd3dd', datetime.datetime(2026, 1, 29, 21, 23, 35, 470456))
INFO:     127.0.0.1:54722 - "GET /api/v1/routes/ HTTP/1.1" 200 OK
2026-02-06 01:23:35,472 INFO sqlalchemy.engine.Engine COMMIT
INFO:     127.0.0.1:54723 - "GET /api/v1/routes/stats?days=7 HTTP/1.1" 200 OK
INFO:     127.0.0.1:55063 - "GET /api/v1/trainer/stats HTTP/1.1" 401 Unauthorized
INFO:     127.0.0.1:55063 - "POST /api/v1/auth/refresh HTTP/1.1" 422 Unprocessable Content
